objc[10762]: Class VCWeakObjectHolder is implemented in both /Applications/Xcode.app/Contents/Developer/Platforms/iPhoneSimulator.platform/Developer/SDKs/iPhoneSimulator.sdk/System/Library/PrivateFrameworks/GameKitServices.framework/Frameworks/ViceroyTrace.framework/ViceroyTrace (0x1253afca8) and /Applications/Xcode.app/Contents/Developer/Platforms/iPhoneSimulator.platform/Developer/SDKs/iPhoneSimulator.sdk/System/Library/PrivateFrameworks/GameKitServices.framework/Frameworks/AVConference.framework/AVConference (0x1252e1cd0). One of the two will be used. Which one is undefined.
objc[10762]: Class PLBuildVersion is implemented in both /Applications/Xcode.app/Contents/Developer/Platforms/iPhoneSimulator.platform/Developer/SDKs/iPhoneSimulator.sdk/System/Library/PrivateFrameworks/AssetsLibraryServices.framework/AssetsLibraryServices (0x123034cc0) and /Applications/Xcode.app/Contents/Developer/Platforms/iPhoneSimulator.platform/Developer/SDKs/iPhoneSimulator.sdk/System/Library/PrivateFrameworks/PhotoLibraryServices.framework/PhotoLibraryServices (0x122e4b6f0). One of the two will be used. Which one is undefined.
2017-04-27 01:56:08.204 KeepingTrack.iOS[10762:2148263] Firebase automatic screen reporting is enabled. Call +[FIRAnalytics setScreenName:setScreenClass:] to set the screen name or override the default screen class name. To disable automatic screen reporting, set the flag FirebaseAutomaticScreenReportingEnabled to NO in the Info.plist
2017-04-27 01:56:18.140 KeepingTrack.iOS[10762:] <FIRAnalytics/INFO> Firebase Analytics v.3600000 started
2017-04-27 01:56:18.140 KeepingTrack.iOS[10762:] <FIRAnalytics/INFO> To enable debug logging set the following application argument: -FIRAnalyticsDebugEnabled (see http://goo.gl/Y0Yjwu)
2017-04-27 01:56:18.544 KeepingTrack.iOS[10762:] <FIRAnalytics/INFO> Successfully created Firebase Analytics App Delegate Proxy automatically. To disable the proxy, set the flag FirebaseAppDelegateProxyEnabled to NO in the Info.plist
2017-04-27 01:56:24.623 KeepingTrack.iOS[10762:2148263] 
Unhandled Exception:
System.NullReferenceException: Object reference not set to an instance of an object
  at Xamarin.Forms.NameScopeExtensions.FindByName[T] (Xamarin.Forms.Internals.INameScope namescope, System.String name) [0x00000] in <59b03de64f0e485e8c9d8ead0b747e17>:0 
  at Xamarin.Forms.NameScopeExtensions.FindByName[T] (Xamarin.Forms.Element element, System.String name) [0x00000] in <59b03de64f0e485e8c9d8ead0b747e17>:0 
  at KeepingTrack.StopwatchPage..ctor () [0x0009c] in <8d35696cb7284fe188a190129d10b424>:0 
  at KeepingTrack.App..ctor () [0x0000c] in <8d35696cb7284fe188a190129d10b424>:0 
  at KeepingTrack.iOS.AppDelegate.FinishedLaunching (UIKit.UIApplication app, Foundation.NSDictionary options) [0x0000a] in <faaf9a1080ba48b182d1883eac32400b>:0 
--- End of stack trace from previous location where exception was thrown ---
  at (wrapper managed-to-native) UIKit.UIApplication:UIApplicationMain (int,string[],intptr,intptr)
  at UIKit.UIApplication.Main (System.String[] args, System.IntPtr principal, System.IntPtr delegate) [0x00005] in <4692b8633c404c758160904e5dff77ed>:0 
  at UIKit.UIApplication.Main (System.String[] args, System.String principalClassName, System.String delegateClassName) [0x00038] in <4692b8633c404c758160904e5dff77ed>:0 
  at KeepingTrack.iOS.Application.Main (System.String[] args) [0x00000] in <faaf9a1080ba48b182d1883eac32400b>:0 
2017-04-27 01:56:24.624 KeepingTrack.iOS[10762:2148263] Unhandled managed exception:
Object reference not set to an instance of an object (System.NullReferenceException)
  at Xamarin.Forms.NameScopeExtensions.FindByName[T] (Xamarin.Forms.Internals.INameScope namescope, System.String name) [0x00000] in <59b03de64f0e485e8c9d8ead0b747e17>:0 
  at Xamarin.Forms.NameScopeExtensions.FindByName[T] (Xamarin.Forms.Element element, System.String name) [0x00000] in <59b03de64f0e485e8c9d8ead0b747e17>:0 
  at KeepingTrack.StopwatchPage..ctor () [0x0009c] in <8d35696cb7284fe188a190129d10b424>:0 
  at KeepingTrack.App..ctor () [0x0000c] in <8d35696cb7284fe188a190129d10b424>:0 
  at KeepingTrack.iOS.AppDelegate.FinishedLaunching (UIKit.UIApplication app, Foundation.NSDictionary options) [0x0000a] in <faaf9a1080ba48b182d1883eac32400b>:0 
--- End of stack trace from previous location where exception was thrown ---
  at (wrapper managed-to-native) UIKit.UIApplication:UIApplicationMain (int,string[],intptr,intptr)
  at UIKit.UIApplication.Main (System.String[] args, System.IntPtr principal, System.IntPtr delegate) [0x00005] in <4692b8633c404c758160904e5dff77ed>:0 
  at UIKit.UIApplication.Main (System.String[] args, System.String principalClassName, System.String delegateClassName) [0x00038] in <4692b8633c404c758160904e5dff77ed>:0 
  at KeepingTrack.iOS.Application.Main (System.String[] args) [0x00000] in <faaf9a1080ba48b182d1883eac32400b>:0 
2017-04-27 01:56:24.624 KeepingTrack.iOS[10762:2148263] critical: Stacktrace:

2017-04-27 01:56:24.624 KeepingTrack.iOS[10762:2148263] critical: 
Native stacktrace:

2017-04-27 01:56:25.119 KeepingTrack.iOS[10762:2148263] critical: 	0   KeepingTrack.iOS                    0x000000010c02df2d mono_handle_native_sigsegv + 253
2017-04-27 01:56:25.120 KeepingTrack.iOS[10762:2148263] critical: 	1   libsystem_platform.dylib            0x0000000118fb0b3a _sigtramp + 26
2017-04-27 01:56:25.120 KeepingTrack.iOS[10762:2148263] critical: 	2   ???                                 0x000000010c6a4574 0x0 + 4503258484
2017-04-27 01:56:25.120 KeepingTrack.iOS[10762:2148263] critical: 	3   libsystem_c.dylib                   0x0000000118d1f88f abort + 127
2017-04-27 01:56:25.121 KeepingTrack.iOS[10762:2148263] critical: 	4   KeepingTrack.iOS                    0x000000010c1aa5d2 xamarin_unhandled_exception_handler + 34
2017-04-27 01:56:25.121 KeepingTrack.iOS[10762:2148263] critical: 	5   KeepingTrack.iOS                    0x000000010c087b74 mono_invoke_unhandled_exception_hook + 148
2017-04-27 01:56:25.121 KeepingTrack.iOS[10762:2148263] critical: 	6   KeepingTrack.iOS                    0x000000010c02dc92 mono_handle_exception_internal + 4626
2017-04-27 01:56:25.121 KeepingTrack.iOS[10762:2148263] critical: 	7   KeepingTrack.iOS                    0x000000010c02ca78 mono_handle_exception + 24
2017-04-27 01:56:25.121 KeepingTrack.iOS[10762:2148263] critical: 	8   KeepingTrack.iOS                    0x000000010bfa9dff mono_amd64_throw_exception + 143
2017-04-27 01:56:25.122 KeepingTrack.iOS[10762:2148263] critical: 	9   ???                                 0x000000012c6c39e7 0x0 + 5040257511
2017-04-27 01:56:25.122 KeepingTrack.iOS[10762:2148263] critical: 	10  KeepingTrack.iOS                    0x000000010c1ad49b xamarin_invoke_trampoline + 3067
2017-04-27 01:56:25.122 KeepingTrack.iOS[10762:2148263] critical: 	11  KeepingTrack.iOS                    0x000000010c1aef6e xamarin_arch_trampoline + 78
2017-04-27 01:56:25.122 KeepingTrack.iOS[10762:2148263] critical: 	12  KeepingTrack.iOS                    0x000000010c1afbc6 xamarin_x86_64_common_trampoline + 110
2017-04-27 01:56:25.122 KeepingTrack.iOS[10762:2148263] critical: 	13  UIKit                               0x000000010e5f2957 -[UIApplication _handleDelegateCallbacksWithOptions:isSuspended:restoreState:] + 299
2017-04-27 01:56:25.123 KeepingTrack.iOS[10762:2148263] critical: 	14  UIKit                               0x000000010e5f423c -[UIApplication _callInitializationDelegatesForMainScene:transitionContext:] + 4119
2017-04-27 01:56:25.123 KeepingTrack.iOS[10762:2148263] critical: 	15  UIKit                               0x000000010e5fa584 -[UIApplication _runWithMainScene:transitionContext:completion:] + 1709
2017-04-27 01:56:25.123 KeepingTrack.iOS[10762:2148263] critical: 	16  UIKit                               0x000000010e5f7793 -[UIApplication workspaceDidEndTransaction:] + 182
2017-04-27 01:56:25.123 KeepingTrack.iOS[10762:2148263] critical: 	17  FrontBoardServices                  0x00000001191875f6 __FBSSERIALQUEUE_IS_CALLING_OUT_TO_A_BLOCK__ + 24
2017-04-27 01:56:25.123 KeepingTrack.iOS[10762:2148263] critical: 	18  FrontBoardServices                  0x000000011918746d -[FBSSerialQueue _performNext] + 186
2017-04-27 01:56:25.123 KeepingTrack.iOS[10762:2148263] critical: 	19  FrontBoardServices                  0x00000001191877f6 -[FBSSerialQueue _performNextFromRunLoopSource] + 45
2017-04-27 01:56:25.124 KeepingTrack.iOS[10762:2148263] critical: 	20  CoreFoundation                      0x000000011774fc01 __CFRUNLOOP_IS_CALLING_OUT_TO_A_SOURCE0_PERFORM_FUNCTION__ + 17
2017-04-27 01:56:25.124 KeepingTrack.iOS[10762:2148263] critical: 	21  CoreFoundation                      0x00000001177350cf __CFRunLoopDoSources0 + 527
2017-04-27 01:56:25.124 KeepingTrack.iOS[10762:2148263] critical: 	22  CoreFoundation                      0x00000001177345ff __CFRunLoopRun + 911
2017-04-27 01:56:25.124 KeepingTrack.iOS[10762:2148263] critical: 	23  CoreFoundation                      0x0000000117734016 CFRunLoopRunSpecific + 406
2017-04-27 01:56:25.124 KeepingTrack.iOS[10762:2148263] critical: 	24  UIKit                               0x000000010e5f602f -[UIApplication _run] + 468
2017-04-27 01:56:25.125 KeepingTrack.iOS[10762:2148263] critical: 	25  UIKit                               0x000000010e5fc0d4 UIApplicationMain + 159
2017-04-27 01:56:25.125 KeepingTrack.iOS[10762:2148263] critical: 	26  ???                                 0x000000012ea63425 0x0 + 5077611557
2017-04-27 01:56:25.125 KeepingTrack.iOS[10762:2148263] critical: 	27  ???                                 0x000000012ea63290 0x0 + 5077611152
2017-04-27 01:56:25.125 KeepingTrack.iOS[10762:2148263] critical: 
=================================================================
Got a SIGABRT while executing native code. This usually indicates
a fatal error in the mono runtime or one of the native libraries 
used by your application.
=================================================================

